[0.007s] Invoking command in '/home/hongxin/Projects/10_Github/common_tools/ezdxf_ws/build/dxf_to_xml_pkg': CMAKE_PREFIX_PATH=${CMAKE_PREFIX_PATH}:/home/hongxin/Projects/10_Github/common_tools/ezdxf_ws/install/dxf_to_xml_pkg CONDA_PROMPT_MODIFIER=(viz) /usr/bin/cmake /home/hongxin/Projects/10_Github/common_tools/ezdxf_ws/src/dxf_to_xml_pkg -DCMAKE_INSTALL_PREFIX=/home/hongxin/Projects/10_Github/common_tools/ezdxf_ws/install/dxf_to_xml_pkg
[0.067s] -- The C compiler identification is GNU 11.4.0
[0.096s] -- The CXX compiler identification is GNU 11.4.0
[0.099s] -- Detecting C compiler ABI info
[0.163s] -- Detecting C compiler ABI info - done
[0.171s] -- Check for working C compiler: /usr/bin/cc - skipped
[0.171s] -- Detecting C compile features
[0.172s] -- Detecting C compile features - done
[0.175s] -- Detecting CXX compiler ABI info
[0.238s] -- Detecting CXX compiler ABI info - done
[0.241s] -- Check for working CXX compiler: /usr/bin/c++ - skipped
[0.241s] -- Detecting CXX compile features
[0.241s] -- Detecting CXX compile features - done
[0.244s] -- Found ament_cmake: 1.3.12 (/opt/ros/humble/share/ament_cmake/cmake)
[0.488s] -- Found Python3: /home/hongxin/anaconda3/envs/viz/bin/python3 (found version "3.10.19") found components: Interpreter 
[0.583s] -- Found rosidl_default_generators: 1.2.0 (/opt/ros/humble/share/rosidl_default_generators/cmake)
[0.588s] -- Using all available rosidl_typesupport_c: rosidl_typesupport_fastrtps_c;rosidl_typesupport_introspection_c
[0.598s] -- Found rosidl_adapter: 3.1.7 (/opt/ros/humble/share/rosidl_adapter/cmake)
[0.642s] -- Using all available rosidl_typesupport_cpp: rosidl_typesupport_fastrtps_cpp;rosidl_typesupport_introspection_cpp
[0.758s] -- Configuring incomplete, errors occurred!
[0.758s] See also "/home/hongxin/Projects/10_Github/common_tools/ezdxf_ws/build/dxf_to_xml_pkg/CMakeFiles/CMakeOutput.log".
[0.759s] [31mCMake Error at /opt/ros/humble/share/rosidl_adapter/cmake/rosidl_adapt_interfaces.cmake:59 (message):
[0.759s]   execute_process(/home/hongxin/anaconda3/envs/viz/bin/python3 -m
[0.759s]   rosidl_adapter --package-name dxf_to_xml_pkg --arguments-file
[0.759s]   /home/hongxin/Projects/10_Github/common_tools/ezdxf_ws/build/dxf_to_xml_pkg/rosidl_adapter__arguments__dxf_to_xml_pkg.json
[0.759s]   --output-dir
[0.759s]   /home/hongxin/Projects/10_Github/common_tools/ezdxf_ws/build/dxf_to_xml_pkg/rosidl_adapter/dxf_to_xml_pkg
[0.759s]   --output-file
[0.759s]   /home/hongxin/Projects/10_Github/common_tools/ezdxf_ws/build/dxf_to_xml_pkg/rosidl_adapter/dxf_to_xml_pkg.idls)
[0.759s]   returned error code 1:
[0.759s] 
[0.759s]   Traceback (most recent call last):
[0.759s] 
[0.759s]     File "/home/hongxin/anaconda3/envs/viz/lib/python3.10/runpy.py", line 196, in _run_module_as_main
[0.761s]       return _run_code(code, main_globals, None,
[0.761s]     File "/home/hongxin/anaconda3/envs/viz/lib/python3.10/runpy.py", line 86, in _run_code
[0.761s]       exec(code, run_globals)
[0.761s]     File "/opt/ros/humble/local/lib/python3.10/dist-packages/rosidl_adapter/__main__.py", line 19, in <module>
[0.761s]       sys.exit(main())
[0.761s]     File "/opt/ros/humble/local/lib/python3.10/dist-packages/rosidl_adapter/main.py", line 53, in main
[0.761s]       abs_idl_file = convert_to_idl(
[0.761s]     File "/opt/ros/humble/local/lib/python3.10/dist-packages/rosidl_adapter/__init__.py", line 23, in convert_to_idl
[0.761s]       from rosidl_adapter.srv import convert_srv_to_idl
[0.761s]     File "/opt/ros/humble/local/lib/python3.10/dist-packages/rosidl_adapter/srv/__init__.py", line 16, in <module>
[0.762s]       from rosidl_adapter.resource import expand_template
[0.762s]     File "/opt/ros/humble/local/lib/python3.10/dist-packages/rosidl_adapter/resource/__init__.py", line 19, in <module>
[0.762s]       import em
[0.762s] 
[0.762s]   ModuleNotFoundError: No module named 'em'
[0.762s] 
[0.762s] Call Stack (most recent call first):
[0.762s]   /opt/ros/humble/share/rosidl_cmake/cmake/rosidl_generate_interfaces.cmake:130 (rosidl_adapt_interfaces)
[0.762s]   CMakeLists.txt:8 (rosidl_generate_interfaces)
[0.762s] 
[0.762s] [0m
[0.764s] Invoked command in '/home/hongxin/Projects/10_Github/common_tools/ezdxf_ws/build/dxf_to_xml_pkg' returned '1': CMAKE_PREFIX_PATH=${CMAKE_PREFIX_PATH}:/home/hongxin/Projects/10_Github/common_tools/ezdxf_ws/install/dxf_to_xml_pkg CONDA_PROMPT_MODIFIER=(viz) /usr/bin/cmake /home/hongxin/Projects/10_Github/common_tools/ezdxf_ws/src/dxf_to_xml_pkg -DCMAKE_INSTALL_PREFIX=/home/hongxin/Projects/10_Github/common_tools/ezdxf_ws/install/dxf_to_xml_pkg
