running egg_info
creating ../../build/dxf_to_xml_pkg/dxf_to_xml_pkg.egg-info
writing ../../build/dxf_to_xml_pkg/dxf_to_xml_pkg.egg-info/PKG-INFO
writing dependency_links to ../../build/dxf_to_xml_pkg/dxf_to_xml_pkg.egg-info/dependency_links.txt
writing entry points to ../../build/dxf_to_xml_pkg/dxf_to_xml_pkg.egg-info/entry_points.txt
writing requirements to ../../build/dxf_to_xml_pkg/dxf_to_xml_pkg.egg-info/requires.txt
writing top-level names to ../../build/dxf_to_xml_pkg/dxf_to_xml_pkg.egg-info/top_level.txt
writing manifest file '../../build/dxf_to_xml_pkg/dxf_to_xml_pkg.egg-info/SOURCES.txt'
reading manifest file '../../build/dxf_to_xml_pkg/dxf_to_xml_pkg.egg-info/SOURCES.txt'
writing manifest file '../../build/dxf_to_xml_pkg/dxf_to_xml_pkg.egg-info/SOURCES.txt'
running build
running build_py
creating /home/hongxin/Projects/10_Github/common_tools/ezdxf_ws/build/dxf_to_xml_pkg/build
creating /home/hongxin/Projects/10_Github/common_tools/ezdxf_ws/build/dxf_to_xml_pkg/build/lib
creating /home/hongxin/Projects/10_Github/common_tools/ezdxf_ws/build/dxf_to_xml_pkg/build/lib/dxf_to_xml_pkg
copying dxf_to_xml_pkg/dxf_to_xml_server.py -> /home/hongxin/Projects/10_Github/common_tools/ezdxf_ws/build/dxf_to_xml_pkg/build/lib/dxf_to_xml_pkg
copying dxf_to_xml_pkg/__init__.py -> /home/hongxin/Projects/10_Github/common_tools/ezdxf_ws/build/dxf_to_xml_pkg/build/lib/dxf_to_xml_pkg
copying dxf_to_xml_pkg/dxf_to_xml_client.py -> /home/hongxin/Projects/10_Github/common_tools/ezdxf_ws/build/dxf_to_xml_pkg/build/lib/dxf_to_xml_pkg
running install
running install_lib
creating /home/hongxin/Projects/10_Github/common_tools/ezdxf_ws/install/dxf_to_xml_pkg/lib/python3.10/site-packages/dxf_to_xml_pkg
copying /home/hongxin/Projects/10_Github/common_tools/ezdxf_ws/build/dxf_to_xml_pkg/build/lib/dxf_to_xml_pkg/dxf_to_xml_server.py -> /home/hongxin/Projects/10_Github/common_tools/ezdxf_ws/install/dxf_to_xml_pkg/lib/python3.10/site-packages/dxf_to_xml_pkg
copying /home/hongxin/Projects/10_Github/common_tools/ezdxf_ws/build/dxf_to_xml_pkg/build/lib/dxf_to_xml_pkg/__init__.py -> /home/hongxin/Projects/10_Github/common_tools/ezdxf_ws/install/dxf_to_xml_pkg/lib/python3.10/site-packages/dxf_to_xml_pkg
copying /home/hongxin/Projects/10_Github/common_tools/ezdxf_ws/build/dxf_to_xml_pkg/build/lib/dxf_to_xml_pkg/dxf_to_xml_client.py -> /home/hongxin/Projects/10_Github/common_tools/ezdxf_ws/install/dxf_to_xml_pkg/lib/python3.10/site-packages/dxf_to_xml_pkg
byte-compiling /home/hongxin/Projects/10_Github/common_tools/ezdxf_ws/install/dxf_to_xml_pkg/lib/python3.10/site-packages/dxf_to_xml_pkg/dxf_to_xml_server.py to dxf_to_xml_server.cpython-310.pyc
byte-compiling /home/hongxin/Projects/10_Github/common_tools/ezdxf_ws/install/dxf_to_xml_pkg/lib/python3.10/site-packages/dxf_to_xml_pkg/__init__.py to __init__.cpython-310.pyc
byte-compiling /home/hongxin/Projects/10_Github/common_tools/ezdxf_ws/install/dxf_to_xml_pkg/lib/python3.10/site-packages/dxf_to_xml_pkg/dxf_to_xml_client.py to dxf_to_xml_client.cpython-310.pyc
running install_data
creating /home/hongxin/Projects/10_Github/common_tools/ezdxf_ws/install/dxf_to_xml_pkg/share/ament_index
creating /home/hongxin/Projects/10_Github/common_tools/ezdxf_ws/install/dxf_to_xml_pkg/share/ament_index/resource_index
creating /home/hongxin/Projects/10_Github/common_tools/ezdxf_ws/install/dxf_to_xml_pkg/share/ament_index/resource_index/packages
copying resource/dxf_to_xml_pkg -> /home/hongxin/Projects/10_Github/common_tools/ezdxf_ws/install/dxf_to_xml_pkg/share/ament_index/resource_index/packages
copying package.xml -> /home/hongxin/Projects/10_Github/common_tools/ezdxf_ws/install/dxf_to_xml_pkg/share/dxf_to_xml_pkg
creating /home/hongxin/Projects/10_Github/common_tools/ezdxf_ws/install/dxf_to_xml_pkg/share/dxf_to_xml_pkg/srv
copying srv/DxfToXml.srv -> /home/hongxin/Projects/10_Github/common_tools/ezdxf_ws/install/dxf_to_xml_pkg/share/dxf_to_xml_pkg/srv
running install_egg_info
Copying ../../build/dxf_to_xml_pkg/dxf_to_xml_pkg.egg-info to /home/hongxin/Projects/10_Github/common_tools/ezdxf_ws/install/dxf_to_xml_pkg/lib/python3.10/site-packages/dxf_to_xml_pkg-0.0.0-py3.10.egg-info
running install_scripts
Installing dxf_to_xml_client script to /home/hongxin/Projects/10_Github/common_tools/ezdxf_ws/install/dxf_to_xml_pkg/lib/dxf_to_xml_pkg
Installing dxf_to_xml_server script to /home/hongxin/Projects/10_Github/common_tools/ezdxf_ws/install/dxf_to_xml_pkg/lib/dxf_to_xml_pkg
writing list of installed files to '/home/hongxin/Projects/10_Github/common_tools/ezdxf_ws/build/dxf_to_xml_pkg/install.log'
