running egg_info
writing ../../build/dxf_to_xml_pkg/dxf_to_xml_pkg.egg-info/PKG-INFO
writing dependency_links to ../../build/dxf_to_xml_pkg/dxf_to_xml_pkg.egg-info/dependency_links.txt
writing entry points to ../../build/dxf_to_xml_pkg/dxf_to_xml_pkg.egg-info/entry_points.txt
writing requirements to ../../build/dxf_to_xml_pkg/dxf_to_xml_pkg.egg-info/requires.txt
writing top-level names to ../../build/dxf_to_xml_pkg/dxf_to_xml_pkg.egg-info/top_level.txt
reading manifest file '../../build/dxf_to_xml_pkg/dxf_to_xml_pkg.egg-info/SOURCES.txt'
writing manifest file '../../build/dxf_to_xml_pkg/dxf_to_xml_pkg.egg-info/SOURCES.txt'
running build
running build_py
running install
running install_lib
running install_data
running install_egg_info
removing '/home/hongxin/Projects/10_Github/common_tools/ezdxf_ws/install/dxf_to_xml_pkg/lib/python3.10/site-packages/dxf_to_xml_pkg-0.0.0-py3.10.egg-info' (and everything under it)
Copying ../../build/dxf_to_xml_pkg/dxf_to_xml_pkg.egg-info to /home/hongxin/Projects/10_Github/common_tools/ezdxf_ws/install/dxf_to_xml_pkg/lib/python3.10/site-packages/dxf_to_xml_pkg-0.0.0-py3.10.egg-info
running install_scripts
Installing dxf_to_xml_client script to /home/hongxin/Projects/10_Github/common_tools/ezdxf_ws/install/dxf_to_xml_pkg/lib/dxf_to_xml_pkg
Installing dxf_to_xml_server script to /home/hongxin/Projects/10_Github/common_tools/ezdxf_ws/install/dxf_to_xml_pkg/lib/dxf_to_xml_pkg
writing list of installed files to '/home/hongxin/Projects/10_Github/common_tools/ezdxf_ws/build/dxf_to_xml_pkg/install.log'
